  Source.c
C:\Users\38591\Desktop\FAKS\Druga godina\strukture podataka\strukture_KarolinaArapovic\Zadatak2\Zadatak2\Source.c(32,6): warning C4013: 'menu' undefined; assuming extern returning int
C:\Users\38591\Desktop\FAKS\Druga godina\strukture podataka\strukture_KarolinaArapovic\Zadatak2\Zadatak2\Source.c(29,9): warning C4101: 'trazena_osoba': unreferenced local variable
C:\Users\38591\Desktop\FAKS\Druga godina\strukture podataka\strukture_KarolinaArapovic\Zadatak2\Zadatak2\Source.c(121,34): warning C4047: 'function': 'const char *' differs in levels of indirection from 'char'
C:\Users\38591\Desktop\FAKS\Druga godina\strukture podataka\strukture_KarolinaArapovic\Zadatak2\Zadatak2\Source.c(121,27): warning C4024: 'strcmp': different types for formal and actual parameter 2
C:\Users\38591\Desktop\FAKS\Druga godina\strukture podataka\strukture_KarolinaArapovic\Zadatak2\Zadatak2\Source.c(129,25): warning C4047: 'return': 'Position' differs in levels of indirection from 'int'
C:\Users\38591\Desktop\FAKS\Druga godina\strukture podataka\strukture_KarolinaArapovic\Zadatak2\Zadatak2\Source.c(138,49): warning C4047: 'function': 'const char *' differs in levels of indirection from 'char'
C:\Users\38591\Desktop\FAKS\Druga godina\strukture podataka\strukture_KarolinaArapovic\Zadatak2\Zadatak2\Source.c(138,42): warning C4024: 'strcmp': different types for formal and actual parameter 2
C:\Users\38591\Desktop\FAKS\Druga godina\strukture podataka\strukture_KarolinaArapovic\Zadatak2\Zadatak2\Source.c(142,56): warning C4047: 'function': 'const char *' differs in levels of indirection from 'char'
C:\Users\38591\Desktop\FAKS\Druga godina\strukture podataka\strukture_KarolinaArapovic\Zadatak2\Zadatak2\Source.c(142,49): warning C4024: 'strcmp': different types for formal and actual parameter 2
C:\Users\38591\Desktop\FAKS\Druga godina\strukture podataka\strukture_KarolinaArapovic\Zadatak2\Zadatak2\Source.c(169,16): warning C4047: 'function': 'Position' differs in levels of indirection from 'Position *'
C:\Users\38591\Desktop\FAKS\Druga godina\strukture podataka\strukture_KarolinaArapovic\Zadatak2\Zadatak2\Source.c(169,14): warning C4024: 'AddToFront': different types for formal and actual parameter 1
C:\Users\38591\Desktop\FAKS\Druga godina\strukture podataka\strukture_KarolinaArapovic\Zadatak2\Zadatak2\Source.c(179,14): warning C4047: 'function': 'Position' differs in levels of indirection from 'Position *'
C:\Users\38591\Desktop\FAKS\Druga godina\strukture podataka\strukture_KarolinaArapovic\Zadatak2\Zadatak2\Source.c(179,12): warning C4024: 'AddToEnd': different types for formal and actual parameter 1
C:\Users\38591\Desktop\FAKS\Druga godina\strukture podataka\strukture_KarolinaArapovic\Zadatak2\Zadatak2\Source.c(187,42): warning C4047: 'function': 'char' differs in levels of indirection from 'char [1024]'
C:\Users\38591\Desktop\FAKS\Druga godina\strukture podataka\strukture_KarolinaArapovic\Zadatak2\Zadatak2\Source.c(187,35): warning C4024: 'FindBySurname': different types for formal and actual parameter 2
C:\Users\38591\Desktop\FAKS\Druga godina\strukture podataka\strukture_KarolinaArapovic\Zadatak2\Zadatak2\Source.c(195,25): warning C4047: '=': 'Position' differs in levels of indirection from 'Position (__cdecl *)(Position,char)'
C:\Users\38591\Desktop\FAKS\Druga godina\strukture podataka\strukture_KarolinaArapovic\Zadatak2\Zadatak2\Source.c(197,23): warning C4047: 'function': 'Position' differs in levels of indirection from 'Position *'
C:\Users\38591\Desktop\FAKS\Druga godina\strukture podataka\strukture_KarolinaArapovic\Zadatak2\Zadatak2\Source.c(197,21): warning C4024: 'DeletePerson': different types for formal and actual parameter 1
C:\Users\38591\Desktop\FAKS\Druga godina\strukture podataka\strukture_KarolinaArapovic\Zadatak2\Zadatak2\Source.c(197,32): warning C4047: 'function': 'char' differs in levels of indirection from 'char [1024]'
C:\Users\38591\Desktop\FAKS\Druga godina\strukture podataka\strukture_KarolinaArapovic\Zadatak2\Zadatak2\Source.c(197,25): warning C4024: 'DeletePerson': different types for formal and actual parameter 2
C:\Users\38591\Desktop\FAKS\Druga godina\strukture podataka\strukture_KarolinaArapovic\Zadatak2\Zadatak2\Source.c(197,33): warning C4047: '=': 'Position' differs in levels of indirection from 'int'
C:\Users\38591\Desktop\FAKS\Druga godina\strukture podataka\strukture_KarolinaArapovic\Zadatak2\Zadatak2\Source.c(78): warning C4716: 'PrintTheList': must return a value
C:\Users\38591\Desktop\FAKS\Druga godina\strukture podataka\strukture_KarolinaArapovic\Zadatak2\Zadatak2\Source.c(152): warning C4715: 'DeletePerson': not all control paths return a value
